<?xml version="1.0" encoding="UTF-8"?>
<testsuite name="Formulario de Registro" tests="1" skipped="0" failures="0" errors="0" timestamp="2021-12-20T22:29:23" hostname="22LAP5CD1346NJJ" time="28.691">
  <properties/>
  <testcase name="Deberia registrarse cuando envia los datos requeridos" classname="Formulario de Registro" time="28.691"/>
  <system-out><![CDATA[17:29:24.978 [Test worker] INFO net.serenitybdd.core.webdriver.driverproviders.ProvideNewDriver - Instantiating driver
17:29:24.978 [Test worker] INFO net.serenitybdd.core.webdriver.driverproviders.ProvideNewDriver - Driver capabilities: Capabilities {acceptInsecureCerts: false, acceptSslCerts: true, browserName: chrome, goog:chromeOptions: {args: [], extensions: []}, incognito: true, loggingPrefs: org.openqa.selenium.logging..., platform: ANY, version: }
17:29:38.174 [Test worker] DEBUG net.serenitybdd.core.photography.Darkroom - Opening darkroom
17:29:38.175 [Darkroom Processing Line] DEBUG net.serenitybdd.core.photography.DarkroomProcessingLine - Darkroom processing line starting up
17:29:38.459 [Test worker] DEBUG net.serenitybdd.core.photography.Darkroom - Send negative for processing for C:\Users\SoporteTI\Desktop\FINAL ELVIS\dojo_serenity_cucumber\target\site\serenity\c6ea513785c80f4d3ac7fcc84d2e4e02098eaa472280f845a0d68a042f7613fc.png
17:29:39.618 [Test worker] DEBUG net.serenitybdd.core.photography.Darkroom - Send negative for processing for C:\Users\SoporteTI\Desktop\FINAL ELVIS\dojo_serenity_cucumber\target\site\serenity\67a9a6c36121ba99ab20ef6ee3e4352bfb18b3efb05ccc5861f23e8820be920d.png
17:29:39.623 [Darkroom Processing Line] DEBUG net.serenitybdd.core.photography.DarkroomProcessingLine - Processing screenshot image in /var/screenshots/screenshot-774063613165888032
17:29:39.623 [Darkroom Processing Line] DEBUG net.serenitybdd.core.photography.DarkroomProcessingLine - Saving screenshot to C:\Users\SoporteTI\Desktop\FINAL ELVIS\dojo_serenity_cucumber\target\site\serenity\67a9a6c36121ba99ab20ef6ee3e4352bfb18b3efb05ccc5861f23e8820be920d.png
17:29:47.280 [Test worker] DEBUG net.serenitybdd.core.photography.Darkroom - Send negative for processing for C:\Users\SoporteTI\Desktop\FINAL ELVIS\dojo_serenity_cucumber\target\site\serenity\80571eabc863bb64ec562bff97f2f0b79db507a056f84eb61e096d6080fe81ea.png
17:29:47.641 [Test worker] DEBUG net.serenitybdd.core.photography.Darkroom - Send negative for processing for C:\Users\SoporteTI\Desktop\FINAL ELVIS\dojo_serenity_cucumber\target\site\serenity\80571eabc863bb64ec562bff97f2f0b79db507a056f84eb61e096d6080fe81ea.png
17:29:52.543 [Test worker] INFO net.thucydides.core.steps.ConsoleLoggingListener - ?[92m
        __    _____ _____ ____ _____   ____   _    ____  ____  _____ ____  
  _     \ \  |_   _| ____/ ___|_   _| |  _ \ / \  / ___|/ ___|| ____|  _ \ 
 (_)_____| |   | | |  _| \___ \ | |   | |_) / _ \ \___ \\___ \|  _| | | | |
  _|_____| |   | | | |___ ___) || |   |  __/ ___ \ ___) |___) | |___| |_| |
 (_)     | |   |_| |_____|____/ |_|   |_| /_/   \_\____/|____/|_____|____/ 
        /_/                                                                

TEST PASSED: Deberia registrarse cuando envia los datos requeridos
----------------------------------------------------------------------------?[0m
]]></system-out>
  <system-err><![CDATA[dic 20, 2021 5:29:24 PM org.openqa.selenium.remote.DesiredCapabilities chrome
INFORMACIÓN: Using `new ChromeOptions()` is preferred to `DesiredCapabilities.chrome()`
Starting ChromeDriver 96.0.4664.45 (76e4c1bb2ab4671b8beba3444e61c0f17584b2fc-refs/branch-heads/4664@{#947}) on port 31007
Only local connections are allowed.
Please see https://chromedriver.chromium.org/security-considerations for suggestions on keeping ChromeDriver safe.
ChromeDriver was started successfully.
dic 20, 2021 5:29:32 PM org.openqa.selenium.remote.ProtocolHandshake createSession
INFORMACIÓN: Detected dialect: W3C
]]></system-err>
</testsuite>
